<?xml version="1.0" encoding="UTF-8"?>
<!-- Generated by org.testng.reporters.JUnitReportReporter -->
<testsuite skipped="0" hostname="Anjalipc" name="com.crm.qa.testcases.LoginPageTest" tests="1" failures="0" timestamp="29 Jul 2019 14:17:25 GMT" time="0.923" errors="0">
  <testcase name="Testcase1_loginPageTitleTest" time="0.923" classname="com.crm.qa.testcases.LoginPageTest"/>
</testsuite> <!-- com.crm.qa.testcases.LoginPageTest -->
