<?xml version="1.0" encoding="UTF-8"?>
<!-- Generated by org.testng.reporters.JUnitReportReporter -->
<testsuite skipped="0" hostname="Anjalipc" name="com.crm.qa.testcases.HomePageTest" tests="2" failures="0" timestamp="29 Jul 2019 14:17:25 GMT" time="0.130" errors="0">
  <testcase name="Testcase2_verifyHomePageTitleTest" time="0.024" classname="com.crm.qa.testcases.HomePageTest"/>
  <testcase name="Testcase3_verifyHompUserName" time="0.106" classname="com.crm.qa.testcases.HomePageTest"/>
</testsuite> <!-- com.crm.qa.testcases.HomePageTest -->
