<?xml version="1.0" encoding="UTF-8"?>
<!-- Generated by org.testng.reporters.JUnitReportReporter -->
<testsuite skipped="1" hostname="Anjalipc" name="com.crm.qa.testcases.SearchIteamTest" tests="2" failures="0" timestamp="17 Jul 2019 05:39:51 GMT" time="15.262" errors="0">
  <testcase name="Testcase4_searchProduct" time="15.262" classname="com.crm.qa.testcases.SearchIteamTest"/>
  <testcase name="Testcase5_verify_productaddedToCart" classname="com.crm.qa.testcases.SearchIteamTest">
    <skipped/>
  </testcase> <!-- Testcase5_verify_productaddedToCart -->
</testsuite> <!-- com.crm.qa.testcases.SearchIteamTest -->
