<?xml version="1.0" encoding="UTF-8"?>
<!-- Generated by org.testng.reporters.JUnitReportReporter -->
<testsuite skipped="0" hostname="Anjalipc" name="com.crm.qa.testcases.HomePageTest" tests="2" failures="0" timestamp="17 Jul 2019 04:44:58 GMT" time="0.197" errors="0">
  <testcase name="Testcase1_verifyHomePageTitleTest" time="0.048" classname="com.crm.qa.testcases.HomePageTest"/>
  <testcase name="Testcase2_verifyHompUserName" time="0.149" classname="com.crm.qa.testcases.HomePageTest"/>
</testsuite> <!-- com.crm.qa.testcases.HomePageTest -->
